[master (root-commit) 30334ca] otal of otalmax
 Committer: CS251 Account <cs251@data.cs.purdue.edu>
Your name and email address were configured automatically based
on your username and hostname. Please check that they are accurate.
You can suppress this message by setting them explicitly:

    git config --global user.name "Your Name"
    git config --global user.email you@example.com

After doing this, you may fix the identity used for this commit with:

    git commit --amend --reset-author

 9 files changed, 732 insertions(+)
 create mode 100644 Makefile
 create mode 100644 SimpleHTMLParser.cpp
 create mode 100644 SimpleHTMLParser.h
 create mode 100644 fetchHTML.h
 create mode 100644 gethttp.cpp
 create mode 100644 openhttp.cpp
 create mode 100644 openhttp.h
 create mode 100644 webcrawler.cpp
 create mode 100644 webcrawler.h
[master 8447795] Commit web-crawler
 Committer: CS251 Account <cs251@data.cs.purdue.edu>
Your name and email address were configured automatically based
on your username and hostname. Please check that they are accurate.
You can suppress this message by setting them explicitly:

    git config --global user.name "Your Name"
    git config --global user.email you@example.com

After doing this, you may fix the identity used for this commit with:

    git commit --amend --reset-author

 1 file changed, 1 insertion(+), 1 deletion(-)
[master 12c694a] Commit web-crawler
 Committer: CS251 Account <cs251@data.cs.purdue.edu>
Your name and email address were configured automatically based
on your username and hostname. Please check that they are accurate.
You can suppress this message by setting them explicitly. Run the
following command and follow the instructions in your editor to edit
your configuration file:

    git config --global --edit

After doing this, you may fix the identity used for this commit with:

    git commit --amend --reset-author

 2 files changed, 39 insertions(+), 1 deletion(-)
 create mode 100644 .local.git.out
[master 25dfb4f] Commit web-crawler
 Committer: CS251 Account <cs251@data.cs.purdue.edu>
Your name and email address were configured automatically based
on your username and hostname. Please check that they are accurate.
You can suppress this message by setting them explicitly. Run the
following command and follow the instructions in your editor to edit
your configuration file:

    git config --global --edit

After doing this, you may fix the identity used for this commit with:

    git commit --amend --reset-author

 1 file changed, 16 insertions(+)
[master 3af5024] Commit web-crawler
 Committer: CS251 Account <cs251@data.cs.purdue.edu>
Your name and email address were configured automatically based
on your username and hostname. Please check that they are accurate.
You can suppress this message by setting them explicitly. Run the
following command and follow the instructions in your editor to edit
your configuration file:

    git config --global --edit

After doing this, you may fix the identity used for this commit with:

    git commit --amend --reset-author

 2 files changed, 74 insertions(+)
 create mode 100644 gethttps.cpp
[master 6afe24e] Commit web-crawler
 Committer: CS251 Account <cs251@data.cs.purdue.edu>
Your name and email address were configured automatically based
on your username and hostname. Please check that they are accurate.
You can suppress this message by setting them explicitly. Run the
following command and follow the instructions in your editor to edit
your configuration file:

    git config --global --edit

After doing this, you may fix the identity used for this commit with:

    git commit --amend --reset-author

 7 files changed, 96 insertions(+), 31 deletions(-)
 rename openhttp.cpp => openhttp-old.cpp (100%)
 create mode 100644 openhttp-old.h
 rename gethttps.cpp => openhttp.cpp (55%)
[master 3aca6b1] Commit web-crawler
 Committer: CS251 Account <cs251@data.cs.purdue.edu>
Your name and email address were configured automatically based
on your username and hostname. Please check that they are accurate.
You can suppress this message by setting them explicitly. Run the
following command and follow the instructions in your editor to edit
your configuration file:

    git config --global --edit

After doing this, you may fix the identity used for this commit with:

    git commit --amend --reset-author

 1 file changed, 18 insertions(+)
[master b27d405] Commit web-crawler
 Committer: CS251 Account <cs251@data.cs.purdue.edu>
Your name and email address were configured automatically based
on your username and hostname. Please check that they are accurate.
You can suppress this message by setting them explicitly. Run the
following command and follow the instructions in your editor to edit
your configuration file:

    git config --global --edit

After doing this, you may fix the identity used for this commit with:

    git commit --amend --reset-author

 2 files changed, 17 insertions(+), 2 deletions(-)
[master d415faf] Commit web-crawler
 Committer: CS251 Account <cs251@data.cs.purdue.edu>
Your name and email address were configured automatically based
on your username and hostname. Please check that they are accurate.
You can suppress this message by setting them explicitly. Run the
following command and follow the instructions in your editor to edit
your configuration file:

    git config --global --edit

After doing this, you may fix the identity used for this commit with:

    git commit --amend --reset-author

 2 files changed, 16 insertions(+), 1 deletion(-)
[master (root-commit) 79069ab] Commit web-crawler
 Committer: CS251 Account <cs251@data.cs.purdue.edu>
Your name and email address were configured automatically based
on your username and hostname. Please check that they are accurate.
You can suppress this message by setting them explicitly. Run the
following command and follow the instructions in your editor to edit
your configuration file:

    git config --global --edit

After doing this, you may fix the identity used for this commit with:

    git commit --amend --reset-author

 12 files changed, 987 insertions(+)
 create mode 100644 .local.git.out
 create mode 100644 Makefile
 create mode 100644 SimpleHTMLParser.cpp
 create mode 100644 SimpleHTMLParser.h
 create mode 100644 fetchHTML.h
 create mode 100644 gethttp.cpp
 create mode 100644 openhttp-old.cpp
 create mode 100644 openhttp-old.h
 create mode 100644 openhttp.cpp
 create mode 100644 openhttp.h
 create mode 100644 webcrawler.cpp
 create mode 100644 webcrawler.h
[master 629f805] Commit web-crawler
 Committer: CS251 Account <cs251@data.cs.purdue.edu>
Your name and email address were configured automatically based
on your username and hostname. Please check that they are accurate.
You can suppress this message by setting them explicitly. Run the
following command and follow the instructions in your editor to edit
your configuration file:

    git config --global --edit

After doing this, you may fix the identity used for this commit with:

    git commit --amend --reset-author

 1 file changed, 27 insertions(+)
[master 48c7250] Commit web-crawler
 Committer: CS251 Account <cs251@data.cs.purdue.edu>
Your name and email address were configured automatically based
on your username and hostname. Please check that they are accurate.
You can suppress this message by setting them explicitly. Run the
following command and follow the instructions in your editor to edit
your configuration file:

    git config --global --edit

After doing this, you may fix the identity used for this commit with:

    git commit --amend --reset-author

 2 files changed, 16 insertions(+)
[master 4917cc1] Commit web-crawler
 1 file changed, 15 insertions(+)
[master 509121e] Commit web-crawler
 3 files changed, 226 insertions(+)
 create mode 100644 HashTableTemplate.h
[master 1f48251] Commit web-crawler
 1 file changed, 3 insertions(+)
[master f07650e] Commit web-crawler
 2 files changed, 4 insertions(+)
[master 4db4f5e] Commit web-crawler
 3 files changed, 36 insertions(+), 1 deletion(-)
[master 4d01d10] Commit web-crawler
 2 files changed, 34 insertions(+)
[master 064b533] Commit web-crawler
 3 files changed, 16 insertions(+), 1 deletion(-)
[master 9a3688f] Commit web-crawler
 3 files changed, 125 insertions(+), 8 deletions(-)
[master 0ad242f] Commit web-crawler
 1 file changed, 2 insertions(+)
[master f62c207] Commit web-crawler
 2 files changed, 7 insertions(+), 2 deletions(-)
[master dd100de] Commit web-crawler
 1 file changed, 2 insertions(+)
[master 0fbcf68] Commit web-crawler
 2 files changed, 3 insertions(+), 1 deletion(-)
[master 091ccf7] Commit web-crawler
 1 file changed, 2 insertions(+)
[master 844661a] Commit web-crawler
 2 files changed, 4 insertions(+), 1 deletion(-)
[master 24aacd2] Commit web-crawler
 2 files changed, 3 insertions(+), 1 deletion(-)
[master 09813b3] Commit web-crawler
 2 files changed, 3 insertions(+), 1 deletion(-)
[master aa1bc43] Commit web-crawler
 2 files changed, 3 insertions(+), 1 deletion(-)
[master 3896047] Commit web-crawler
 2 files changed, 5 insertions(+), 3 deletions(-)
[master b4e731b] Commit web-crawler
 2 files changed, 5 insertions(+), 3 deletions(-)
[master 17c44eb] Commit web-crawler
 2 files changed, 4 insertions(+), 2 deletions(-)
[master 8eb2f48] Commit web-crawler
 2 files changed, 3 insertions(+), 1 deletion(-)
[master 427a2a5] Commit web-crawler
 2 files changed, 3 insertions(+), 1 deletion(-)
[master 58a1060] Commit web-crawler
 2 files changed, 3 insertions(+), 1 deletion(-)
[master b8814c7] Commit web-crawler
 2 files changed, 3 insertions(+), 1 deletion(-)
[master 406a0f8] Commit web-crawler
 1 file changed, 2 insertions(+)
[master 38e3e14] Commit web-crawler
 2 files changed, 3 insertions(+), 1 deletion(-)
[master 27e1113] Commit web-crawler
 2 files changed, 3 insertions(+), 1 deletion(-)
[master 3b8e7d4] Commit web-crawler
 2 files changed, 3 insertions(+), 1 deletion(-)
[master 2ade42e] Commit web-crawler
 2 files changed, 4 insertions(+), 1 deletion(-)
[master 51e0bda] Commit web-crawler
 2 files changed, 12 insertions(+), 9 deletions(-)
[master 80d2a08] Commit web-crawler
 2 files changed, 68 insertions(+), 2 deletions(-)
[master ad31e31] Commit web-crawler
 2 files changed, 3 insertions(+), 1 deletion(-)
[master 8d2dd9b] Commit web-crawler
 2 files changed, 3 insertions(+), 1 deletion(-)
[master 30cba83] Commit web-crawler
 2 files changed, 3 insertions(+), 1 deletion(-)
[master a10c22f] Commit web-crawler
 2 files changed, 3 insertions(+), 1 deletion(-)
[master 51cf75d] Commit web-crawler
 2 files changed, 44 insertions(+)
[master e690cd7] Commit web-crawler
 2 files changed, 3 insertions(+), 1 deletion(-)
[master cea77ac] Commit web-crawler
 2 files changed, 6 insertions(+), 2 deletions(-)
[master 43832bb] Commit web-crawler
 2 files changed, 4 insertions(+), 2 deletions(-)
[master 44307d8] Commit web-crawler
 1 file changed, 2 insertions(+)
[master 9d31271] Commit web-crawler
 1 file changed, 2 insertions(+)
[master 9094978] Commit web-crawler
 2 files changed, 42 insertions(+), 40 deletions(-)
[master 206c5df] Commit web-crawler
 2 files changed, 10 insertions(+), 6 deletions(-)
[master ba07c94] Commit web-crawler
 1 file changed, 2 insertions(+)
[master 1c471c8] Commit web-crawler
 2 files changed, 3 insertions(+), 1 deletion(-)
[master ce02d44] Commit web-crawler
 2 files changed, 3 insertions(+), 1 deletion(-)
